<?xml version="1.0" encoding="utf-8"?><testsuites name="pytest tests"><testsuite name="pytest" errors="0" failures="0" skipped="0" tests="11" time="21.007" timestamp="2026-03-06T13:50:27.262817+00:00" hostname="agent-env-a9188a99-564b-4d4c-990b-a8945083f8bf"><testcase classname="backend.tests.test_email_alerts.TestEmailAlertSettings" name="test_get_email_alert_settings" time="1.134" /><testcase classname="backend.tests.test_email_alerts.TestEmailAlertSettings" name="test_add_recipient_with_default_alerts" time="1.826" /><testcase classname="backend.tests.test_email_alerts.TestEmailAlertSettings" name="test_add_duplicate_recipient_fails" time="1.667" /><testcase classname="backend.tests.test_email_alerts.TestEmailAlertSettings" name="test_update_recipient_alerts" time="2.274" /><testcase classname="backend.tests.test_email_alerts.TestEmailAlertSettings" name="test_update_alerts_invalid_type" time="1.648" /><testcase classname="backend.tests.test_email_alerts.TestEmailAlertSettings" name="test_update_alerts_nonexistent_email" time="1.007" /><testcase classname="backend.tests.test_email_alerts.TestEmailAlertSettings" name="test_remove_recipient" time="2.195" /><testcase classname="backend.tests.test_email_alerts.TestEmailAlertSettings" name="test_remove_nonexistent_recipient" time="1.002" /><testcase classname="backend.tests.test_email_alerts.TestEmailAlertSettings" name="test_update_master_toggles" time="2.644" /><testcase classname="backend.tests.test_email_alerts.TestEmailAlertIntegration" name="test_multiple_recipients_with_different_alerts" time="4.065" /><testcase classname="backend.tests.test_email_alerts.TestEmailAlertIntegration" name="test_backward_compatibility_with_string_format" time="1.481" /></testsuite></testsuites>