<?xml version="1.0" encoding="utf-8"?><testsuites name="pytest tests"><testsuite name="pytest" errors="0" failures="0" skipped="0" tests="19" time="2.907" timestamp="2026-03-05T19:11:30.726784+00:00" hostname="agent-env-d09cea6c-1761-4548-86f2-0089a332e019"><testcase classname="tests.test_billing_calculation.TestBillingCalculation" name="test_28_hours_should_be_2_nights" time="0.446" /><testcase classname="tests.test_billing_calculation.TestBillingCalculation" name="test_23_hours_should_be_1_night" time="0.001" /><testcase classname="tests.test_billing_calculation.TestBillingCalculation" name="test_48_hours_should_be_2_nights" time="0.000" /><testcase classname="tests.test_billing_calculation.TestBillingCalculation" name="test_72_hours_should_be_3_nights" time="0.000" /><testcase classname="tests.test_billing_calculation.TestBillingCalculation" name="test_49_hours_should_be_3_nights" time="0.001" /><testcase classname="tests.test_billing_calculation.TestBillingCalculation" name="test_25_hours_should_be_2_nights" time="0.001" /><testcase classname="tests.test_billing_calculation.TestBillingCalculation" name="test_24_hours_exactly_should_be_1_night" time="0.000" /><testcase classname="tests.test_billing_calculation.TestBillingCalculation" name="test_minimum_1_night" time="0.001" /><testcase classname="tests.test_billing_calculation.TestSyncAgentVersion" name="test_sync_agent_version" time="0.024" /><testcase classname="tests.test_billing_calculation.TestHealthEndpoint" name="test_health_returns_healthy" time="0.553" /><testcase classname="tests.test_billing_calculation.TestAdminEndpoints" name="test_admin_guests_endpoint" time="0.576" /><testcase classname="tests.test_billing_calculation.TestAdminEndpoints" name="test_admin_employees_endpoint" time="0.397" /><testcase classname="tests.test_billing_calculation.TestBillingReportEndpoints" name="test_billing_report_endpoint_exists" time="0.426" /><testcase classname="tests.test_billing_calculation.TestBillingReportEndpoints" name="test_billing_report_excel_endpoint" time="0.417" /><testcase classname="tests.test_billing_calculation.TestSyncAgentNameMatching" name="test_normalize_name_lastname_firstname_with_suffix" time="0.001" /><testcase classname="tests.test_billing_calculation.TestSyncAgentNameMatching" name="test_normalize_name_lastname_parenthesis_format" time="0.000" /><testcase classname="tests.test_billing_calculation.TestSyncAgentNameMatching" name="test_normalize_name_lastname_space_paren_format" time="0.000" /><testcase classname="tests.test_billing_calculation.TestSyncAgentNameMatching" name="test_match_names_exact_paren_format" time="0.000" /><testcase classname="tests.test_billing_calculation.TestSyncAgentNameMatching" name="test_match_names_comma_paren_format" time="0.000" /></testsuite></testsuites>