<?xml version="1.0" encoding="utf-8"?><testsuites name="pytest tests"><testsuite name="pytest" errors="0" failures="0" skipped="0" tests="11" time="6.713" timestamp="2026-03-02T14:58:28.351422+00:00" hostname="agent-env-7ddc139d-d75b-402a-9964-eeeccb211820"><testcase classname="backend.tests.test_checkin_flow.TestHealthAndRooms" name="test_health_endpoint" time="0.710" /><testcase classname="backend.tests.test_checkin_flow.TestHealthAndRooms" name="test_get_rooms" time="0.553" /><testcase classname="backend.tests.test_checkin_flow.TestEmployeeVerification" name="test_verify_valid_employee" time="0.450" /><testcase classname="backend.tests.test_checkin_flow.TestEmployeeVerification" name="test_verify_invalid_employee" time="0.481" /><testcase classname="backend.tests.test_checkin_flow.TestGuestLookup" name="test_get_registered_guest" time="0.441" /><testcase classname="backend.tests.test_checkin_flow.TestGuestLookup" name="test_get_unregistered_guest" time="0.419" /><testcase classname="backend.tests.test_checkin_flow.TestRequestEmployeeAccess" name="test_request_access_valid" time="0.779" /><testcase classname="backend.tests.test_checkin_flow.TestRequestEmployeeAccess" name="test_request_access_existing_employee" time="0.478" /><testcase classname="backend.tests.test_checkin_flow.TestCheckInEndpoint" name="test_checkin_unregistered_employee" time="0.424" /><testcase classname="backend.tests.test_checkin_flow.TestAutoVerifyFlow" name="test_full_employee_lookup_flow" time="0.907" /><testcase classname="backend.tests.test_checkin_flow.TestAutoVerifyFlow" name="test_new_guest_flow" time="0.864" /></testsuite></testsuites>