<?xml version="1.0" encoding="utf-8"?><testsuites name="pytest tests"><testsuite name="pytest" errors="0" failures="0" skipped="0" tests="12" time="6.045" timestamp="2026-03-02T14:44:45.340739+00:00" hostname="agent-env-7ddc139d-d75b-402a-9964-eeeccb211820"><testcase classname="backend.tests.test_employee_collection.TestEmployeeCollection" name="test_health_check" time="0.648" /><testcase classname="backend.tests.test_employee_collection.TestEmployeeCollection" name="test_get_employees_returns_list" time="0.624" /><testcase classname="backend.tests.test_employee_collection.TestEmployeeCollection" name="test_employees_count_meets_minimum" time="0.428" /><testcase classname="backend.tests.test_employee_collection.TestEmployeeCollection" name="test_employees_have_required_fields" time="0.470" /><testcase classname="backend.tests.test_employee_collection.TestEmployeeCollection" name="test_employee_number_format_valid" time="0.450" /><testcase classname="backend.tests.test_employee_collection.TestEmployeeCollection" name="test_employee_name_format_valid" time="0.470" /><testcase classname="backend.tests.test_employee_collection.TestEmployeeCollection" name="test_employees_sorted_by_name" time="0.454" /><testcase classname="backend.tests.test_employee_collection.TestEmployeeCollection" name="test_sample_employees_data_quality" time="0.440" /><testcase classname="backend.tests.test_employee_collection.TestEmployeeCollection" name="test_employees_have_portal_source" time="0.449" /><testcase classname="backend.tests.test_employee_collection.TestEmployeeCollection" name="test_employee_verify_endpoint" time="0.873" /><testcase classname="backend.tests.test_employee_collection.TestEmployeeCollection" name="test_employee_verify_invalid_id" time="0.454" /><testcase classname="backend.tests.test_employee_collection.TestCollectEmployeesEndpoint" name="test_endpoint_exists_without_triggering" time="0.060" /></testsuite></testsuites>