<?xml version="1.0" encoding="utf-8"?><testsuites name="pytest tests"><testsuite name="pytest" errors="0" failures="0" skipped="0" tests="16" time="10.817" timestamp="2026-02-27T12:27:16.995556+00:00" hostname="agent-env-3f08199e-9256-4f47-a481-6b774e366579"><testcase classname="backend.tests.test_new_features.TestRoomManagement" name="test_get_all_rooms" time="0.593" /><testcase classname="backend.tests.test_new_features.TestRoomManagement" name="test_create_room" time="0.935" /><testcase classname="backend.tests.test_new_features.TestRoomManagement" name="test_create_duplicate_room" time="0.797" /><testcase classname="backend.tests.test_new_features.TestRoomManagement" name="test_update_room" time="1.214" /><testcase classname="backend.tests.test_new_features.TestRoomManagement" name="test_delete_room" time="1.283" /><testcase classname="backend.tests.test_new_features.TestRoomManagement" name="test_delete_nonexistent_room" time="0.408" /><testcase classname="backend.tests.test_new_features.TestDateRangeFiltering" name="test_get_records_without_filter" time="0.431" /><testcase classname="backend.tests.test_new_features.TestDateRangeFiltering" name="test_get_records_with_start_date" time="0.436" /><testcase classname="backend.tests.test_new_features.TestDateRangeFiltering" name="test_get_records_with_end_date" time="0.405" /><testcase classname="backend.tests.test_new_features.TestDateRangeFiltering" name="test_get_records_with_date_range" time="0.400" /><testcase classname="backend.tests.test_new_features.TestDateRangeFiltering" name="test_get_records_with_future_date" time="0.421" /><testcase classname="backend.tests.test_new_features.TestPDFExport" name="test_export_signin_pdf" time="0.416" /><testcase classname="backend.tests.test_new_features.TestPDFExport" name="test_export_signin_pdf_with_date_filter" time="0.415" /><testcase classname="backend.tests.test_new_features.TestPDFExport" name="test_export_billing_pdf" time="0.406" /><testcase classname="backend.tests.test_new_features.TestPDFExport" name="test_export_billing_pdf_with_date_filter" time="0.404" /><testcase classname="backend.tests.test_new_features.TestRoomStats" name="test_room_stats_counts" time="1.662" /></testsuite></testsuites>